Using pre-set license
Built from '2020.3/staging' branch; Version is '2020.3.30f1 (1fb1bf06830e) revision 2077119'; Using compiler version '192528614'; Build Type 'Release'
OS: 'Windows 10  (10.0.19044) 64bit Professional' Language: 'tr' Physical Memory: 8155 MB
BatchMode: 1, IsHumanControllingUs: 0, StartBugReporterOnCrash: 0, Is64bit: 1, IsPro: 0

COMMAND LINE ARGUMENTS:
D:\Program Files\2020.3.30f1\Editor\Unity.exe
-adb2
-batchMode
-noUpm
-name
AssetImportWorker0
-projectPath
C:/Users/q/Documents/GitHub/Market/BeatEmUp
-logFile
Logs/AssetImportWorker0.log
-srvPort
60646
Successfully changed project path to: C:/Users/q/Documents/GitHub/Market/BeatEmUp
C:/Users/q/Documents/GitHub/Market/BeatEmUp
Using Asset Import Pipeline V2.
Refreshing native plugins compatible for Editor in 86.23 ms, found 2 plugins.
Preloading 0 native plugins for Editor in 0.00 ms.
Initialize engine version: 2020.3.30f1 (1fb1bf06830e)
[Subsystems] Discovering subsystems at path D:/Program Files/2020.3.30f1/Editor/Data/Resources/UnitySubsystems
[Subsystems] Discovering subsystems at path C:/Users/q/Documents/GitHub/Market/BeatEmUp/Assets
GfxDevice: creating device client; threaded=0
Direct3D:
    Version:  Direct3D 11.0 [level 11.1]
    Renderer: NVIDIA GeForce GTX 970 (ID=0x13c2)
    Vendor:   
    VRAM:     4043 MB
    Driver:   30.0.15.1179
Initialize mono
Mono path[0] = 'D:/Program Files/2020.3.30f1/Editor/Data/Managed'
Mono path[1] = 'D:/Program Files/2020.3.30f1/Editor/Data/MonoBleedingEdge/lib/mono/unityjit'
Mono config path = 'D:/Program Files/2020.3.30f1/Editor/Data/MonoBleedingEdge/etc'
Using monoOptions --debugger-agent=transport=dt_socket,embedding=1,server=y,suspend=n,address=127.0.0.1:56488
Begin MonoManager ReloadAssembly
Registering precompiled unity dll's ...
Register platform support module: D:/Program Files/2020.3.30f1/Editor/Data/PlaybackEngines/WebGLSupport/UnityEditor.WebGL.Extensions.dll
Register platform support module: D:/Program Files/2020.3.30f1/Editor/Data/PlaybackEngines/WindowsStandaloneSupport/UnityEditor.WindowsStandalone.Extensions.dll
Registered in 0.001581 seconds.
Native extension for WindowsStandalone target not found
Native extension for WebGL target not found
Refreshing native plugins compatible for Editor in 80.28 ms, found 2 plugins.
Preloading 0 native plugins for Editor in 0.00 ms.
Mono: successfully reloaded assembly
- Completed reload, in  0.741 seconds
Domain Reload Profiling:
	ReloadAssembly (742ms)
		BeginReloadAssembly (70ms)
			ExecutionOrderSort (0ms)
			DisableScriptedObjects (0ms)
			BackupInstance (0ms)
			ReleaseScriptingObjects (0ms)
			CreateAndSetChildDomain (1ms)
		EndReloadAssembly (597ms)
			LoadAssemblies (69ms)
			RebuildTransferFunctionScriptingTraits (0ms)
			SetupTypeCache (186ms)
			ReleaseScriptCaches (0ms)
			RebuildScriptCaches (37ms)
			SetupLoadedEditorAssemblies (235ms)
				LogAssemblyErrors (0ms)
				InitializePlatformSupportModulesInManaged (7ms)
				SetLoadedEditorAssemblies (1ms)
				RefreshPlugins (80ms)
				BeforeProcessingInitializeOnLoad (17ms)
				ProcessInitializeOnLoadAttributes (98ms)
				ProcessInitializeOnLoadMethodAttributes (31ms)
				AfterProcessingInitializeOnLoad (0ms)
				EditorAssembliesLoaded (0ms)
			ExecutionOrderSort2 (0ms)
			AwakeInstancesAfterBackupRestoration (0ms)
Platform modules already initialized, skipping
Registering precompiled user dll's ...
Registered in 0.006337 seconds.
Begin MonoManager ReloadAssembly
Native extension for WindowsStandalone target not found
Native extension for WebGL target not found
Refreshing native plugins compatible for Editor in 0.83 ms, found 2 plugins.
Preloading 0 native plugins for Editor in 0.00 ms.
Mono: successfully reloaded assembly
- Completed reload, in  1.169 seconds
Domain Reload Profiling:
	ReloadAssembly (1170ms)
		BeginReloadAssembly (197ms)
			ExecutionOrderSort (0ms)
			DisableScriptedObjects (6ms)
			BackupInstance (0ms)
			ReleaseScriptingObjects (0ms)
			CreateAndSetChildDomain (24ms)
		EndReloadAssembly (902ms)
			LoadAssemblies (119ms)
			RebuildTransferFunctionScriptingTraits (0ms)
			SetupTypeCache (315ms)
			ReleaseScriptCaches (1ms)
			RebuildScriptCaches (46ms)
			SetupLoadedEditorAssemblies (330ms)
				LogAssemblyErrors (0ms)
				InitializePlatformSupportModulesInManaged (6ms)
				SetLoadedEditorAssemblies (0ms)
				RefreshPlugins (1ms)
				BeforeProcessingInitializeOnLoad (89ms)
				ProcessInitializeOnLoadAttributes (214ms)
				ProcessInitializeOnLoadMethodAttributes (16ms)
				AfterProcessingInitializeOnLoad (3ms)
				EditorAssembliesLoaded (0ms)
			ExecutionOrderSort2 (0ms)
			AwakeInstancesAfterBackupRestoration (7ms)
Platform modules already initialized, skipping
========================================================================
Worker process is ready to serve import requests
Launched and connected shader compiler UnityShaderCompiler.exe after 0.09 seconds
Refreshing native plugins compatible for Editor in 0.74 ms, found 2 plugins.
Preloading 0 native plugins for Editor in 0.00 ms.
Unloading 1601 Unused Serialized files (Serialized files now loaded: 0)
System memory in use before: 75.0 MB.
System memory in use after: 75.1 MB.

Unloading 20 unused Assets to reduce memory usage. Loaded Objects now: 2040.
Total: 2.852400 ms (FindLiveObjects: 0.129100 ms CreateObjectMapping: 0.053000 ms MarkObjects: 2.562700 ms  DeleteObjects: 0.106700 ms)

AssetImportParameters requested are different than current active one (requested -> active):
  custom:framework-win-MediaFoundation: 216162199b28c13a410421893ffa2e32 -> 
  custom:video-decoder-ogg-theora: a1e56fd34408186e4bbccfd4996cb3dc -> 
  custom:container-muxer-webm: aa71ff27fc2769a1b78a27578f13a17b -> 
  custom:container-demuxer-webm: 4f35f7cbe854078d1ac9338744f61a02 -> 
  custom:container-demuxer-ogg: 62fdf1f143b41e24485cea50d1cbac27 -> 
  custom:video-encoder-webm-vp8: eb34c28f22e8b96e1ab97ce403110664 -> 
  custom:video-decoder-webm-vp8: 9c59270c3fd7afecdb556c50c9e8de78 -> 
  custom:audio-decoder-ogg-vorbis: bf7c407c2cedff20999df2af8eb42d56 -> 
  custom:audio-encoder-webm-vorbis: bf7c407c2cedff20999df2af8eb42d56 -> 
========================================================================
Received Import Request.
  path: Assets/Scenes/SkillMenu.unity
  artifactKey: Guid(b48ef58751cb0814a98edbaf863c732b) Importer(815301076,1909f56bfc062723c751e8b465ee728b)
Start importing Assets/Scenes/SkillMenu.unity using Guid(b48ef58751cb0814a98edbaf863c732b) Importer(815301076,1909f56bfc062723c751e8b465ee728b)  -> (artifact id: '05ec3436335cf0aa306b4c539bf3c78d') in 0.017121 seconds 
========================================================================
Received Import Request.
  Time since last request: 87.389735 seconds.
  path: Assets/Sprites/Buttons/+ - button.png
  artifactKey: Guid(86790ed0ab75db144ab49017f0fe2f78) Importer(815301076,1909f56bfc062723c751e8b465ee728b)
Start importing Assets/Sprites/Buttons/+ - button.png using Guid(86790ed0ab75db144ab49017f0fe2f78) Importer(815301076,1909f56bfc062723c751e8b465ee728b)  -> (artifact id: '250abef244313c87d0a72f08d836dbb9') in 0.189385 seconds 
========================================================================
Received Import Request.
  Time since last request: 0.005038 seconds.
  path: Assets/Scripts/SkillMenuController.cs
  artifactKey: Guid(75f441a2fd8cf0644b7c6cb62a787855) Importer(815301076,1909f56bfc062723c751e8b465ee728b)
Start importing Assets/Scripts/SkillMenuController.cs using Guid(75f441a2fd8cf0644b7c6cb62a787855) Importer(815301076,1909f56bfc062723c751e8b465ee728b)  -> (artifact id: 'f75218c5e07c26e42f2ac9a4219eff7d') in 0.012427 seconds 
========================================================================
Received Import Request.
  Time since last request: 0.012332 seconds.
  path: Assets/Fonts/RETRO_SPACE/RETRO_SPACE_INV.ttf
  artifactKey: Guid(bfa6a6604f5abeb42bebec2a59f9a7cc) Importer(815301076,1909f56bfc062723c751e8b465ee728b)
Start importing Assets/Fonts/RETRO_SPACE/RETRO_SPACE_INV.ttf using Guid(bfa6a6604f5abeb42bebec2a59f9a7cc) Importer(815301076,1909f56bfc062723c751e8b465ee728b)  -> (artifact id: '52bc23f36c445ba0a206715d633b146b') in 0.194870 seconds 
========================================================================
Received Import Request.
  Time since last request: 0.016821 seconds.
  path: Assets/Sounds/Kullandıklarımız/Musics/Boss Battle   5 V1.mp3
  artifactKey: Guid(6aaa8d5964d2ecc42ad8f810fe23b63e) Importer(815301076,1909f56bfc062723c751e8b465ee728b)
Start importing Assets/Sounds/Kullandıklarımız/Musics/Boss Battle   5 V1.mp3 using Guid(6aaa8d5964d2ecc42ad8f810fe23b63e) Importer(815301076,1909f56bfc062723c751e8b465ee728b)  -> (artifact id: 'd79553f074fcd718f685fe3d197edf6f') in 0.054133 seconds 
========================================================================
Received Import Request.
  Time since last request: 0.031348 seconds.
  path: Assets/Sounds/Kullandıklarımız/Musics/Boss Battle  1 V1.mp3
  artifactKey: Guid(548444176dd75e14bb28b11ef5ced565) Importer(815301076,1909f56bfc062723c751e8b465ee728b)
Start importing Assets/Sounds/Kullandıklarımız/Musics/Boss Battle  1 V1.mp3 using Guid(548444176dd75e14bb28b11ef5ced565) Importer(815301076,1909f56bfc062723c751e8b465ee728b)  -> (artifact id: '3769c9c0d2befbf9725661c5ecb6b5c7') in 0.016836 seconds 
========================================================================
Received Import Request.
  Time since last request: 0.005585 seconds.
  path: Assets/Scripts/Skills.cs
  artifactKey: Guid(e94a77f09f791fa48b32cc8eb2b3a110) Importer(815301076,1909f56bfc062723c751e8b465ee728b)
Start importing Assets/Scripts/Skills.cs using Guid(e94a77f09f791fa48b32cc8eb2b3a110) Importer(815301076,1909f56bfc062723c751e8b465ee728b)  -> (artifact id: '9436d08f70d2f93ccdde9ad8f3c8ce35') in 0.006337 seconds 
========================================================================
Received Import Request.
  Time since last request: 0.015167 seconds.
  path: Assets/Sounds/Kullandıklarımız/Musics/ZombiesAreComing.ogg
  artifactKey: Guid(12a1aa90b48bdba4cb1f0c66a1952093) Importer(815301076,1909f56bfc062723c751e8b465ee728b)
Start importing Assets/Sounds/Kullandıklarımız/Musics/ZombiesAreComing.ogg using Guid(12a1aa90b48bdba4cb1f0c66a1952093) Importer(815301076,1909f56bfc062723c751e8b465ee728b)  -> (artifact id: 'f9bc3d95f12a53b4d02dfe9bac2f548a') in 0.016391 seconds 
========================================================================
Received Import Request.
  Time since last request: 0.014691 seconds.
  path: Assets/Sounds/Kullandıklarımız/Musics/song2.mp3.mp3
  artifactKey: Guid(04f780b759dd4bd4fa3d11ed520e3b0b) Importer(815301076,1909f56bfc062723c751e8b465ee728b)
Start importing Assets/Sounds/Kullandıklarımız/Musics/song2.mp3.mp3 using Guid(04f780b759dd4bd4fa3d11ed520e3b0b) Importer(815301076,1909f56bfc062723c751e8b465ee728b)  -> (artifact id: 'ee266b1eddef795cac0356be2b95d3b1') in 0.012422 seconds 
========================================================================
Received Import Request.
  Time since last request: 0.028382 seconds.
  path: Assets/Sounds/Kullandıklarımız/Musics/Boss Battle  3 V1.mp3
  artifactKey: Guid(c85cddaccc0a86941b8f69d7b75939ca) Importer(815301076,1909f56bfc062723c751e8b465ee728b)
Start importing Assets/Sounds/Kullandıklarımız/Musics/Boss Battle  3 V1.mp3 using Guid(c85cddaccc0a86941b8f69d7b75939ca) Importer(815301076,1909f56bfc062723c751e8b465ee728b)  -> (artifact id: '2829eeab0c928ad7fd0c1fb3fbc03c49') in 0.013300 seconds 
========================================================================
Received Import Request.
  Time since last request: 0.017050 seconds.
  path: Assets/Sounds/Kullandıklarımız/Musics/game-game-music-ogg/00 intro_0.ogg
  artifactKey: Guid(73b00883a5cf469428cb27fc89479fd1) Importer(815301076,1909f56bfc062723c751e8b465ee728b)
Start importing Assets/Sounds/Kullandıklarımız/Musics/game-game-music-ogg/00 intro_0.ogg using Guid(73b00883a5cf469428cb27fc89479fd1) Importer(815301076,1909f56bfc062723c751e8b465ee728b)  -> (artifact id: '07f3165ac095805c7f91276b35a36303') in 0.013255 seconds 
========================================================================
Received Import Request.
  Time since last request: 0.021826 seconds.
  path: Assets/Sounds/Kullandıklarımız/Musics/Boss Battle 6 V1.mp3
  artifactKey: Guid(e8157f4862a1bfc4a8b926c0a52719d5) Importer(815301076,1909f56bfc062723c751e8b465ee728b)
Start importing Assets/Sounds/Kullandıklarımız/Musics/Boss Battle 6 V1.mp3 using Guid(e8157f4862a1bfc4a8b926c0a52719d5) Importer(815301076,1909f56bfc062723c751e8b465ee728b)  -> (artifact id: 'f11f71c0a2dbde567f790d8c67e084c2') in 0.012603 seconds 
========================================================================
Received Import Request.
  Time since last request: 0.017897 seconds.
  path: Assets/Sounds/Kullandıklarımız/Musics/Theme Song 8-bit V1 _looping.mp3
  artifactKey: Guid(c99c18f83639b244dba977255b79e358) Importer(815301076,1909f56bfc062723c751e8b465ee728b)
Start importing Assets/Sounds/Kullandıklarımız/Musics/Theme Song 8-bit V1 _looping.mp3 using Guid(c99c18f83639b244dba977255b79e358) Importer(815301076,1909f56bfc062723c751e8b465ee728b)  -> (artifact id: '37e7876ce6487bc90281cd39f4414a67') in 0.012491 seconds 
========================================================================
Received Import Request.
  Time since last request: 0.017300 seconds.
  path: Assets/Sprites/Buttons/ui_big_pieces.png
  artifactKey: Guid(d2422475720d0224c8e7e37a366be135) Importer(815301076,1909f56bfc062723c751e8b465ee728b)
Start importing Assets/Sprites/Buttons/ui_big_pieces.png using Guid(d2422475720d0224c8e7e37a366be135) Importer(815301076,1909f56bfc062723c751e8b465ee728b)  -> (artifact id: '4365b5b6eeee54ca02fb7a836ac5a498') in 0.682820 seconds 
========================================================================
Received Import Request.
  Time since last request: 0.010693 seconds.
  path: Assets/Sprites/Buttons/disabled image.png
  artifactKey: Guid(0aa3976e9372be54d9b0d5c11aaf8918) Importer(815301076,1909f56bfc062723c751e8b465ee728b)
Start importing Assets/Sprites/Buttons/disabled image.png using Guid(0aa3976e9372be54d9b0d5c11aaf8918) Importer(815301076,1909f56bfc062723c751e8b465ee728b)  -> (artifact id: 'a92e5f18b7a24cd507a7fe96b3dff053') in 0.020038 seconds 
========================================================================
Received Import Request.
  Time since last request: 0.041226 seconds.
  path: Assets/Sounds/Kullandıklarımız/Musics/game-game-music-ogg/12 final battle.ogg
  artifactKey: Guid(0ecc6501c788f6e4eb46c975d1c7f3b7) Importer(815301076,1909f56bfc062723c751e8b465ee728b)
Start importing Assets/Sounds/Kullandıklarımız/Musics/game-game-music-ogg/12 final battle.ogg using Guid(0ecc6501c788f6e4eb46c975d1c7f3b7) Importer(815301076,1909f56bfc062723c751e8b465ee728b)  -> (artifact id: '07d6ece47a6aebc2b9cdebc0b33ce7da') in 0.014705 seconds 
========================================================================
Received Import Request.
  Time since last request: 0.009357 seconds.
  path: Assets/Sprites/Objects & Others/Pixel Art Game Assets_01.png
  artifactKey: Guid(11e85023fd4f7ee4fa90303ef5bf16d7) Importer(815301076,1909f56bfc062723c751e8b465ee728b)
Start importing Assets/Sprites/Objects & Others/Pixel Art Game Assets_01.png using Guid(11e85023fd4f7ee4fa90303ef5bf16d7) Importer(815301076,1909f56bfc062723c751e8b465ee728b)  -> (artifact id: 'ac8cd4131cac4d9a36251fdcd0f91787') in 0.042007 seconds 
========================================================================
Received Import Request.
  Time since last request: 0.030080 seconds.
  path: Assets/Sounds/Kullandıklarımız/Musics/game-game-music-ogg/05 gaseous tethanus.ogg
  artifactKey: Guid(fc84037763f516f4fbab273b5e8bdc5b) Importer(815301076,1909f56bfc062723c751e8b465ee728b)
Start importing Assets/Sounds/Kullandıklarımız/Musics/game-game-music-ogg/05 gaseous tethanus.ogg using Guid(fc84037763f516f4fbab273b5e8bdc5b) Importer(815301076,1909f56bfc062723c751e8b465ee728b)  -> (artifact id: '62fbcf237f11704855d691e91d8f5e02') in 0.016694 seconds 
========================================================================
Received Import Request.
  Time since last request: 1895.639730 seconds.
  path: Assets/Sprites/Buttons/boxing.png
  artifactKey: Guid(e1156bdf19baece4db93c1976787f3e1) Importer(815301076,1909f56bfc062723c751e8b465ee728b)
Start importing Assets/Sprites/Buttons/boxing.png using Guid(e1156bdf19baece4db93c1976787f3e1) Importer(815301076,1909f56bfc062723c751e8b465ee728b)  -> (artifact id: 'fc191e3ae07ebe285a1dda25618b484e') in 0.059781 seconds 
========================================================================
Received Import Request.
  Time since last request: 0.000367 seconds.
  path: Assets/Sprites/Buttons/btn_small-Sheet (1).png
  artifactKey: Guid(78ce5d03cb4446c4bae846d157e5eebc) Importer(815301076,1909f56bfc062723c751e8b465ee728b)
Start importing Assets/Sprites/Buttons/btn_small-Sheet (1).png using Guid(78ce5d03cb4446c4bae846d157e5eebc) Importer(815301076,1909f56bfc062723c751e8b465ee728b)  -> (artifact id: '7b1c168323250f9328e55aaa51677f34') in 0.136256 seconds 
========================================================================
Received Import Request.
  Time since last request: 0.000283 seconds.
  path: Assets/Sprites/Buttons/btn_small-Sheet.png
  artifactKey: Guid(a8c04f04efb684a4d91d5b7c986f9452) Importer(815301076,1909f56bfc062723c751e8b465ee728b)
Start importing Assets/Sprites/Buttons/btn_small-Sheet.png using Guid(a8c04f04efb684a4d91d5b7c986f9452) Importer(815301076,1909f56bfc062723c751e8b465ee728b)  -> (artifact id: '7b4ca6ddbb10209ababe895ff658d3e1') in 0.123212 seconds 
========================================================================
Received Import Request.
  Time since last request: 0.000446 seconds.
  path: Assets/Sprites/Buttons/ui_big_piecesx.png
  artifactKey: Guid(7677e5b67d839b74b929dbd8b12ad21f) Importer(815301076,1909f56bfc062723c751e8b465ee728b)
Start importing Assets/Sprites/Buttons/ui_big_piecesx.png using Guid(7677e5b67d839b74b929dbd8b12ad21f) Importer(815301076,1909f56bfc062723c751e8b465ee728b)  -> (artifact id: '022537138f992aec6f6e82474d35426c') in 0.043240 seconds 
========================================================================
Received Import Request.
  Time since last request: 0.000444 seconds.
  path: Assets/Sprites/Buttons/btn_play-Sheet.png
  artifactKey: Guid(58eb5e1e95585c14d958822ab063880e) Importer(815301076,1909f56bfc062723c751e8b465ee728b)
Start importing Assets/Sprites/Buttons/btn_play-Sheet.png using Guid(58eb5e1e95585c14d958822ab063880e) Importer(815301076,1909f56bfc062723c751e8b465ee728b)  -> (artifact id: 'baa1b92a4d662a7a4d8f0cba159f8a2f') in 0.029911 seconds 
========================================================================
Received Import Request.
  Time since last request: 0.000316 seconds.
  path: Assets/Sprites/Buttons/leather-shoe.png
  artifactKey: Guid(feb5e5274b1a3694081b29c8f3bd6bb0) Importer(815301076,1909f56bfc062723c751e8b465ee728b)
Start importing Assets/Sprites/Buttons/leather-shoe.png using Guid(feb5e5274b1a3694081b29c8f3bd6bb0) Importer(815301076,1909f56bfc062723c751e8b465ee728b)  -> (artifact id: '2dab0a7f65d85531a3f88113d43b7f93') in 0.032326 seconds 
========================================================================
Received Import Request.
  Time since last request: 0.000284 seconds.
  path: Assets/Sprites/Buttons/ui_big_piecesxx.png
  artifactKey: Guid(577e3b0ee5bffb14390a30a2be5feaa9) Importer(815301076,1909f56bfc062723c751e8b465ee728b)
Start importing Assets/Sprites/Buttons/ui_big_piecesxx.png using Guid(577e3b0ee5bffb14390a30a2be5feaa9) Importer(815301076,1909f56bfc062723c751e8b465ee728b)  -> (artifact id: 'a359502f7b03e1ec27e1d231c2fa21ac') in 0.048373 seconds 
========================================================================
Received Prepare
Registering precompiled user dll's ...
Registered in 0.005234 seconds.
Begin MonoManager ReloadAssembly
Native extension for WindowsStandalone target not found
Native extension for WebGL target not found
Refreshing native plugins compatible for Editor in 0.80 ms, found 2 plugins.
Preloading 0 native plugins for Editor in 0.00 ms.
Mono: successfully reloaded assembly
- Completed reload, in  1.281 seconds
Domain Reload Profiling:
	ReloadAssembly (1284ms)
		BeginReloadAssembly (261ms)
			ExecutionOrderSort (0ms)
			DisableScriptedObjects (20ms)
			BackupInstance (0ms)
			ReleaseScriptingObjects (0ms)
			CreateAndSetChildDomain (109ms)
		EndReloadAssembly (953ms)
			LoadAssemblies (132ms)
			RebuildTransferFunctionScriptingTraits (0ms)
			SetupTypeCache (347ms)
			ReleaseScriptCaches (1ms)
			RebuildScriptCaches (42ms)
			SetupLoadedEditorAssemblies (351ms)
				LogAssemblyErrors (0ms)
				InitializePlatformSupportModulesInManaged (6ms)
				SetLoadedEditorAssemblies (1ms)
				RefreshPlugins (1ms)
				BeforeProcessingInitializeOnLoad (89ms)
				ProcessInitializeOnLoadAttributes (236ms)
				ProcessInitializeOnLoadMethodAttributes (15ms)
				AfterProcessingInitializeOnLoad (3ms)
				EditorAssembliesLoaded (0ms)
			ExecutionOrderSort2 (0ms)
			AwakeInstancesAfterBackupRestoration (9ms)
Platform modules already initialized, skipping
Refreshing native plugins compatible for Editor in 0.77 ms, found 2 plugins.
Preloading 0 native plugins for Editor in 0.00 ms.
Unloading 1595 Unused Serialized files (Serialized files now loaded: 0)
System memory in use before: 80.6 MB.
System memory in use after: 80.7 MB.

Unloading 12 unused Assets to reduce memory usage. Loaded Objects now: 2260.
Total: 3.360500 ms (FindLiveObjects: 0.151500 ms CreateObjectMapping: 0.058100 ms MarkObjects: 3.093500 ms  DeleteObjects: 0.056100 ms)

AssetImportParameters requested are different than current active one (requested -> active):
  custom:framework-win-MediaFoundation: 216162199b28c13a410421893ffa2e32 -> 
  custom:video-decoder-ogg-theora: a1e56fd34408186e4bbccfd4996cb3dc -> 
  custom:container-muxer-webm: aa71ff27fc2769a1b78a27578f13a17b -> 
  custom:container-demuxer-webm: 4f35f7cbe854078d1ac9338744f61a02 -> 
  custom:container-demuxer-ogg: 62fdf1f143b41e24485cea50d1cbac27 -> 
  custom:video-encoder-webm-vp8: eb34c28f22e8b96e1ab97ce403110664 -> 
  custom:video-decoder-webm-vp8: 9c59270c3fd7afecdb556c50c9e8de78 -> 
  custom:audio-decoder-ogg-vorbis: bf7c407c2cedff20999df2af8eb42d56 -> 
  custom:audio-encoder-webm-vorbis: bf7c407c2cedff20999df2af8eb42d56 -> 
========================================================================
Received Prepare
Registering precompiled user dll's ...
Registered in 0.005055 seconds.
Begin MonoManager ReloadAssembly
Native extension for WindowsStandalone target not found
Native extension for WebGL target not found
Refreshing native plugins compatible for Editor in 0.72 ms, found 2 plugins.
Preloading 0 native plugins for Editor in 0.00 ms.
Mono: successfully reloaded assembly
- Completed reload, in  1.091 seconds
Domain Reload Profiling:
	ReloadAssembly (1092ms)
		BeginReloadAssembly (126ms)
			ExecutionOrderSort (0ms)
			DisableScriptedObjects (7ms)
			BackupInstance (0ms)
			ReleaseScriptingObjects (0ms)
			CreateAndSetChildDomain (37ms)
		EndReloadAssembly (902ms)
			LoadAssemblies (142ms)
			RebuildTransferFunctionScriptingTraits (0ms)
			SetupTypeCache (311ms)
			ReleaseScriptCaches (1ms)
			RebuildScriptCaches (42ms)
			SetupLoadedEditorAssemblies (310ms)
				LogAssemblyErrors (0ms)
				InitializePlatformSupportModulesInManaged (6ms)
				SetLoadedEditorAssemblies (1ms)
				RefreshPlugins (1ms)
				BeforeProcessingInitializeOnLoad (80ms)
				ProcessInitializeOnLoadAttributes (206ms)
				ProcessInitializeOnLoadMethodAttributes (13ms)
				AfterProcessingInitializeOnLoad (3ms)
				EditorAssembliesLoaded (0ms)
			ExecutionOrderSort2 (0ms)
			AwakeInstancesAfterBackupRestoration (8ms)
Platform modules already initialized, skipping
Refreshing native plugins compatible for Editor in 0.85 ms, found 2 plugins.
Preloading 0 native plugins for Editor in 0.00 ms.
Unloading 1595 Unused Serialized files (Serialized files now loaded: 0)
System memory in use before: 78.8 MB.
System memory in use after: 79.0 MB.

Unloading 11 unused Assets to reduce memory usage. Loaded Objects now: 2262.
Total: 2.930300 ms (FindLiveObjects: 0.154500 ms CreateObjectMapping: 0.061900 ms MarkObjects: 2.684900 ms  DeleteObjects: 0.027400 ms)

AssetImportParameters requested are different than current active one (requested -> active):
  custom:framework-win-MediaFoundation: 216162199b28c13a410421893ffa2e32 -> 
  custom:video-decoder-ogg-theora: a1e56fd34408186e4bbccfd4996cb3dc -> 
  custom:container-muxer-webm: aa71ff27fc2769a1b78a27578f13a17b -> 
  custom:container-demuxer-webm: 4f35f7cbe854078d1ac9338744f61a02 -> 
  custom:container-demuxer-ogg: 62fdf1f143b41e24485cea50d1cbac27 -> 
  custom:video-encoder-webm-vp8: eb34c28f22e8b96e1ab97ce403110664 -> 
  custom:video-decoder-webm-vp8: 9c59270c3fd7afecdb556c50c9e8de78 -> 
  custom:audio-decoder-ogg-vorbis: bf7c407c2cedff20999df2af8eb42d56 -> 
  custom:audio-encoder-webm-vorbis: bf7c407c2cedff20999df2af8eb42d56 -> 
========================================================================
Received Prepare
Registering precompiled user dll's ...
Registered in 0.005513 seconds.
Begin MonoManager ReloadAssembly
Native extension for WindowsStandalone target not found
Native extension for WebGL target not found
Refreshing native plugins compatible for Editor in 0.84 ms, found 2 plugins.
Preloading 0 native plugins for Editor in 0.00 ms.
Mono: successfully reloaded assembly
- Completed reload, in  1.110 seconds
Domain Reload Profiling:
	ReloadAssembly (1110ms)
		BeginReloadAssembly (133ms)
			ExecutionOrderSort (0ms)
			DisableScriptedObjects (10ms)
			BackupInstance (0ms)
			ReleaseScriptingObjects (0ms)
			CreateAndSetChildDomain (35ms)
		EndReloadAssembly (908ms)
			LoadAssemblies (115ms)
			RebuildTransferFunctionScriptingTraits (0ms)
			SetupTypeCache (331ms)
			ReleaseScriptCaches (1ms)
			RebuildScriptCaches (42ms)
			SetupLoadedEditorAssemblies (323ms)
				LogAssemblyErrors (0ms)
				InitializePlatformSupportModulesInManaged (6ms)
				SetLoadedEditorAssemblies (1ms)
				RefreshPlugins (1ms)
				BeforeProcessingInitializeOnLoad (81ms)
				ProcessInitializeOnLoadAttributes (219ms)
				ProcessInitializeOnLoadMethodAttributes (13ms)
				AfterProcessingInitializeOnLoad (3ms)
				EditorAssembliesLoaded (0ms)
			ExecutionOrderSort2 (0ms)
			AwakeInstancesAfterBackupRestoration (8ms)
Platform modules already initialized, skipping
Refreshing native plugins compatible for Editor in 0.74 ms, found 2 plugins.
Preloading 0 native plugins for Editor in 0.00 ms.
Unloading 1595 Unused Serialized files (Serialized files now loaded: 0)
System memory in use before: 79.6 MB.
System memory in use after: 79.7 MB.

Unloading 11 unused Assets to reduce memory usage. Loaded Objects now: 2264.
Total: 3.155600 ms (FindLiveObjects: 0.184300 ms CreateObjectMapping: 0.059700 ms MarkObjects: 2.804800 ms  DeleteObjects: 0.105600 ms)

AssetImportParameters requested are different than current active one (requested -> active):
  custom:framework-win-MediaFoundation: 216162199b28c13a410421893ffa2e32 -> 
  custom:video-decoder-ogg-theora: a1e56fd34408186e4bbccfd4996cb3dc -> 
  custom:container-muxer-webm: aa71ff27fc2769a1b78a27578f13a17b -> 
  custom:container-demuxer-webm: 4f35f7cbe854078d1ac9338744f61a02 -> 
  custom:container-demuxer-ogg: 62fdf1f143b41e24485cea50d1cbac27 -> 
  custom:video-encoder-webm-vp8: eb34c28f22e8b96e1ab97ce403110664 -> 
  custom:video-decoder-webm-vp8: 9c59270c3fd7afecdb556c50c9e8de78 -> 
  custom:audio-decoder-ogg-vorbis: bf7c407c2cedff20999df2af8eb42d56 -> 
  custom:audio-encoder-webm-vorbis: bf7c407c2cedff20999df2af8eb42d56 -> 
========================================================================
Received Prepare
Registering precompiled user dll's ...
Registered in 0.005587 seconds.
Begin MonoManager ReloadAssembly
Native extension for WindowsStandalone target not found
Native extension for WebGL target not found
Refreshing native plugins compatible for Editor in 0.71 ms, found 2 plugins.
Preloading 0 native plugins for Editor in 0.00 ms.
Mono: successfully reloaded assembly
- Completed reload, in  1.323 seconds
Domain Reload Profiling:
	ReloadAssembly (1323ms)
		BeginReloadAssembly (136ms)
			ExecutionOrderSort (0ms)
			DisableScriptedObjects (7ms)
			BackupInstance (0ms)
			ReleaseScriptingObjects (0ms)
			CreateAndSetChildDomain (33ms)
		EndReloadAssembly (1117ms)
			LoadAssemblies (137ms)
			RebuildTransferFunctionScriptingTraits (0ms)
			SetupTypeCache (357ms)
			ReleaseScriptCaches (1ms)
			RebuildScriptCaches (52ms)
			SetupLoadedEditorAssemblies (476ms)
				LogAssemblyErrors (0ms)
				InitializePlatformSupportModulesInManaged (6ms)
				SetLoadedEditorAssemblies (1ms)
				RefreshPlugins (1ms)
				BeforeProcessingInitializeOnLoad (96ms)
				ProcessInitializeOnLoadAttributes (355ms)
				ProcessInitializeOnLoadMethodAttributes (14ms)
				AfterProcessingInitializeOnLoad (3ms)
				EditorAssembliesLoaded (0ms)
			ExecutionOrderSort2 (0ms)
			AwakeInstancesAfterBackupRestoration (9ms)
Platform modules already initialized, skipping
Refreshing native plugins compatible for Editor in 0.73 ms, found 2 plugins.
Preloading 0 native plugins for Editor in 0.00 ms.
Unloading 1595 Unused Serialized files (Serialized files now loaded: 0)
System memory in use before: 79.6 MB.
System memory in use after: 79.7 MB.

Unloading 11 unused Assets to reduce memory usage. Loaded Objects now: 2266.
Total: 3.541500 ms (FindLiveObjects: 0.145600 ms CreateObjectMapping: 0.057300 ms MarkObjects: 3.301700 ms  DeleteObjects: 0.035900 ms)

AssetImportParameters requested are different than current active one (requested -> active):
  custom:framework-win-MediaFoundation: 216162199b28c13a410421893ffa2e32 -> 
  custom:video-decoder-ogg-theora: a1e56fd34408186e4bbccfd4996cb3dc -> 
  custom:container-muxer-webm: aa71ff27fc2769a1b78a27578f13a17b -> 
  custom:container-demuxer-webm: 4f35f7cbe854078d1ac9338744f61a02 -> 
  custom:container-demuxer-ogg: 62fdf1f143b41e24485cea50d1cbac27 -> 
  custom:video-encoder-webm-vp8: eb34c28f22e8b96e1ab97ce403110664 -> 
  custom:video-decoder-webm-vp8: 9c59270c3fd7afecdb556c50c9e8de78 -> 
  custom:audio-decoder-ogg-vorbis: bf7c407c2cedff20999df2af8eb42d56 -> 
  custom:audio-encoder-webm-vorbis: bf7c407c2cedff20999df2af8eb42d56 -> 
AssetImportWorkerClient::OnTransportError - code=2 error=End of file
